This file contains any messages produced by compilers while
running configure, to aid debugging if configure makes a mistake.

It was created by lib_openfd_locks configure 0.1, which was
generated by GNU Autoconf 2.69.  Invocation command line was

  $ ./configure 

## --------- ##
## Platform. ##
## --------- ##

hostname = guerriere
uname -m = x86_64
uname -r = 3.16-2-amd64
uname -s = Linux
uname -v = #1 SMP Debian 3.16.3-2 (2014-09-20)

/usr/bin/uname -p = unknown
/bin/uname -X     = unknown

/bin/arch              = unknown
/usr/bin/arch -k       = unknown
/usr/convex/getsysinfo = unknown
/usr/bin/hostinfo      = unknown
/bin/machine           = unknown
/usr/bin/oslevel       = unknown
/bin/universe          = unknown

PATH: /home/paul/.opam/4.02.1/bin
PATH: /usr/local/bin
PATH: /usr/bin
PATH: /bin
PATH: /usr/local/games
PATH: /usr/games


## ----------- ##
## Core tests. ##
## ----------- ##

configure:2172: checking build system type
configure:2186: result: x86_64-unknown-linux-gnu
configure:2206: checking host system type
configure:2219: result: x86_64-unknown-linux-gnu
configure:2260: checking how to print strings
configure:2287: result: printf
configure:2359: checking for gcc
configure:2375: found /usr/bin/gcc
configure:2386: result: gcc
configure:2615: checking for C compiler version
configure:2624: gcc --version >&5
gcc (Debian 4.9.2-10) 4.9.2
Copyright (C) 2014 Free Software Foundation, Inc.
This is free software; see the source for copying conditions.  There is NO
warranty; not even for MERCHANTABILITY or FITNESS FOR A PARTICULAR PURPOSE.

configure:2635: $? = 0
configure:2624: gcc -v >&5
Using built-in specs.
COLLECT_GCC=gcc
COLLECT_LTO_WRAPPER=/usr/lib/gcc/x86_64-linux-gnu/4.9/lto-wrapper
Target: x86_64-linux-gnu
Configured with: ../src/configure -v --with-pkgversion='Debian 4.9.2-10' --with-bugurl=file:///usr/share/doc/gcc-4.9/README.Bugs --enable-languages=c,c++,java,go,d,fortran,objc,obj-c++ --prefix=/usr --program-suffix=-4.9 --enable-shared --enable-linker-build-id --libexecdir=/usr/lib --without-included-gettext --enable-threads=posix --with-gxx-include-dir=/usr/include/c++/4.9 --libdir=/usr/lib --enable-nls --with-sysroot=/ --enable-clocale=gnu --enable-libstdcxx-debug --enable-libstdcxx-time=yes --enable-gnu-unique-object --disable-vtable-verify --enable-plugin --with-system-zlib --disable-browser-plugin --enable-java-awt=gtk --enable-gtk-cairo --with-java-home=/usr/lib/jvm/java-1.5.0-gcj-4.9-amd64/jre --enable-java-home --with-jvm-root-dir=/usr/lib/jvm/java-1.5.0-gcj-4.9-amd64 --with-jvm-jar-dir=/usr/lib/jvm-exports/java-1.5.0-gcj-4.9-amd64 --with-arch-directory=amd64 --with-ecj-jar=/usr/share/java/eclipse-ecj.jar --enable-objc-gc --enable-multiarch --with-arch-32=i586 --with-abi=m64 --with-multilib-list=m32,m64,mx32 --enable-multilib --with-tune=generic --enable-checking=release --build=x86_64-linux-gnu --host=x86_64-linux-gnu --target=x86_64-linux-gnu
Thread model: posix
gcc version 4.9.2 (Debian 4.9.2-10) 
configure:2635: $? = 0
configure:2624: gcc -V >&5
gcc: error: unrecognized command line option '-V'
gcc: fatal error: no input files
compilation terminated.
configure:2635: $? = 4
configure:2624: gcc -qversion >&5
gcc: error: unrecognized command line option '-qversion'
gcc: fatal error: no input files
compilation terminated.
configure:2635: $? = 4
configure:2655: checking whether the C compiler works
configure:2677: gcc    conftest.c  >&5
configure:2681: $? = 0
configure:2729: result: yes
configure:2732: checking for C compiler default output file name
configure:2734: result: a.out
configure:2740: checking for suffix of executables
configure:2747: gcc -o conftest    conftest.c  >&5
configure:2751: $? = 0
configure:2773: result: 
configure:2795: checking whether we are cross compiling
configure:2803: gcc -o conftest    conftest.c  >&5
configure:2807: $? = 0
configure:2814: ./conftest
configure:2818: $? = 0
configure:2833: result: no
configure:2838: checking for suffix of object files
configure:2860: gcc -c   conftest.c >&5
configure:2864: $? = 0
configure:2885: result: o
configure:2889: checking whether we are using the GNU C compiler
configure:2908: gcc -c   conftest.c >&5
configure:2908: $? = 0
configure:2917: result: yes
configure:2926: checking whether gcc accepts -g
configure:2946: gcc -c -g  conftest.c >&5
configure:2946: $? = 0
configure:2987: result: yes
configure:3004: checking for gcc option to accept ISO C89
configure:3067: gcc  -c -g -O2  conftest.c >&5
configure:3067: $? = 0
configure:3080: result: none needed
configure:3105: checking whether gcc understands -c and -o together
configure:3127: gcc -c conftest.c -o conftest2.o
configure:3130: $? = 0
configure:3127: gcc -c conftest.c -o conftest2.o
configure:3130: $? = 0
configure:3142: result: yes
configure:3159: checking for a sed that does not truncate output
configure:3223: result: /bin/sed
configure:3241: checking for grep that handles long lines and -e
configure:3299: result: /bin/grep
configure:3304: checking for egrep
configure:3366: result: /bin/grep -E
configure:3371: checking for fgrep
configure:3433: result: /bin/grep -F
configure:3468: checking for ld used by gcc
configure:3535: result: /usr/bin/ld
configure:3542: checking if the linker (/usr/bin/ld) is GNU ld
configure:3557: result: yes
configure:3569: checking for BSD- or MS-compatible name lister (nm)
configure:3618: result: /usr/bin/nm -B
configure:3748: checking the name lister (/usr/bin/nm -B) interface
configure:3755: gcc -c -g -O2  conftest.c >&5
configure:3758: /usr/bin/nm -B "conftest.o"
configure:3761: output
0000000000000000 B some_variable
configure:3768: result: BSD nm
configure:3771: checking whether ln -s works
configure:3775: result: yes
configure:3783: checking the maximum length of command line arguments
configure:3914: result: 1572864
configure:3931: checking whether the shell understands some XSI constructs
configure:3941: result: yes
configure:3945: checking whether the shell understands "+="
configure:3951: result: yes
configure:3986: checking how to convert x86_64-unknown-linux-gnu file names to x86_64-unknown-linux-gnu format
configure:4026: result: func_convert_file_noop
configure:4033: checking how to convert x86_64-unknown-linux-gnu file names to toolchain format
configure:4053: result: func_convert_file_noop
configure:4060: checking for /usr/bin/ld option to reload object files
configure:4067: result: -r
configure:4141: checking for objdump
configure:4157: found /usr/bin/objdump
configure:4168: result: objdump
configure:4200: checking how to recognize dependent libraries
configure:4398: result: pass_all
configure:4483: checking for dlltool
configure:4513: result: no
configure:4543: checking how to associate runtime and link libraries
configure:4570: result: printf %s\n
configure:4631: checking for ar
configure:4647: found /usr/bin/ar
configure:4658: result: ar
configure:4695: checking for archiver @FILE support
configure:4712: gcc -c -g -O2  conftest.c >&5
configure:4712: $? = 0
configure:4715: ar cru libconftest.a @conftest.lst >&5
configure:4718: $? = 0
configure:4723: ar cru libconftest.a @conftest.lst >&5
ar: conftest.o: No such file or directory
configure:4726: $? = 1
configure:4738: result: @
configure:4796: checking for strip
configure:4812: found /usr/bin/strip
configure:4823: result: strip
configure:4895: checking for ranlib
configure:4911: found /usr/bin/ranlib
configure:4922: result: ranlib
configure:4999: checking for gawk
configure:5015: found /usr/bin/gawk
configure:5026: result: gawk
configure:5066: checking command to parse /usr/bin/nm -B output from gcc object
configure:5186: gcc -c -g -O2  conftest.c >&5
configure:5189: $? = 0
configure:5193: /usr/bin/nm -B conftest.o \| sed -n -e 's/^.*[ ]\([ABCDGIRSTW][ABCDGIRSTW]*\)[ ][ ]*\([_A-Za-z][_A-Za-z0-9]*\)$/\1 \2 \2/p' | sed '/ __gnu_lto/d' \> conftest.nm
configure:5196: $? = 0
configure:5262: gcc -o conftest -g -O2   conftest.c conftstm.o >&5
configure:5265: $? = 0
configure:5303: result: ok
configure:5340: checking for sysroot
configure:5370: result: no
configure:5447: gcc -c -g -O2  conftest.c >&5
configure:5450: $? = 0
configure:5639: checking for mt
configure:5655: found /bin/mt
configure:5666: result: mt
configure:5689: checking if mt is a manifest tool
configure:5695: mt '-?'
configure:5703: result: no
configure:6345: checking how to run the C preprocessor
configure:6376: gcc -E  conftest.c
configure:6376: $? = 0
configure:6390: gcc -E  conftest.c
conftest.c:9:28: fatal error: ac_nonexistent.h: No such file or directory
 #include <ac_nonexistent.h>
                            ^
compilation terminated.
configure:6390: $? = 1
configure: failed program was:
| /* confdefs.h */
| #define PACKAGE_NAME "lib_openfd_locks"
| #define PACKAGE_TARNAME "lib_openfd_locks"
| #define PACKAGE_VERSION "0.1"
| #define PACKAGE_STRING "lib_openfd_locks 0.1"
| #define PACKAGE_BUGREPORT "papatango.nyc@gmail.com"
| #define PACKAGE_URL ""
| /* end confdefs.h.  */
| #include <ac_nonexistent.h>
configure:6415: result: gcc -E
configure:6435: gcc -E  conftest.c
configure:6435: $? = 0
configure:6449: gcc -E  conftest.c
conftest.c:9:28: fatal error: ac_nonexistent.h: No such file or directory
 #include <ac_nonexistent.h>
                            ^
compilation terminated.
configure:6449: $? = 1
configure: failed program was:
| /* confdefs.h */
| #define PACKAGE_NAME "lib_openfd_locks"
| #define PACKAGE_TARNAME "lib_openfd_locks"
| #define PACKAGE_VERSION "0.1"
| #define PACKAGE_STRING "lib_openfd_locks 0.1"
| #define PACKAGE_BUGREPORT "papatango.nyc@gmail.com"
| #define PACKAGE_URL ""
| /* end confdefs.h.  */
| #include <ac_nonexistent.h>
configure:6478: checking for ANSI C header files
configure:6498: gcc -c -g -O2  conftest.c >&5
configure:6498: $? = 0
configure:6571: gcc -o conftest -g -O2   conftest.c  >&5
configure:6571: $? = 0
configure:6571: ./conftest
configure:6571: $? = 0
configure:6582: result: yes
configure:6595: checking for sys/types.h
configure:6595: gcc -c -g -O2  conftest.c >&5
configure:6595: $? = 0
configure:6595: result: yes
configure:6595: checking for sys/stat.h
configure:6595: gcc -c -g -O2  conftest.c >&5
configure:6595: $? = 0
configure:6595: result: yes
configure:6595: checking for stdlib.h
configure:6595: gcc -c -g -O2  conftest.c >&5
configure:6595: $? = 0
configure:6595: result: yes
configure:6595: checking for string.h
configure:6595: gcc -c -g -O2  conftest.c >&5
configure:6595: $? = 0
configure:6595: result: yes
configure:6595: checking for memory.h
configure:6595: gcc -c -g -O2  conftest.c >&5
configure:6595: $? = 0
configure:6595: result: yes
configure:6595: checking for strings.h
configure:6595: gcc -c -g -O2  conftest.c >&5
configure:6595: $? = 0
configure:6595: result: yes
configure:6595: checking for inttypes.h
configure:6595: gcc -c -g -O2  conftest.c >&5
configure:6595: $? = 0
configure:6595: result: yes
configure:6595: checking for stdint.h
configure:6595: gcc -c -g -O2  conftest.c >&5
configure:6595: $? = 0
configure:6595: result: yes
configure:6595: checking for unistd.h
configure:6595: gcc -c -g -O2  conftest.c >&5
configure:6595: $? = 0
configure:6595: result: yes
configure:6609: checking for dlfcn.h
configure:6609: gcc -c -g -O2  conftest.c >&5
configure:6609: $? = 0
configure:6609: result: yes
configure:6815: checking for objdir
configure:6830: result: .libs
configure:7101: checking if gcc supports -fno-rtti -fno-exceptions
configure:7119: gcc -c -g -O2  -fno-rtti -fno-exceptions conftest.c >&5
cc1: warning: command line option '-fno-rtti' is valid for C++/ObjC++ but not for C
configure:7123: $? = 0
configure:7136: result: no
configure:7463: checking for gcc option to produce PIC
configure:7470: result: -fPIC -DPIC
configure:7478: checking if gcc PIC flag -fPIC -DPIC works
configure:7496: gcc -c -g -O2  -fPIC -DPIC -DPIC conftest.c >&5
configure:7500: $? = 0
configure:7513: result: yes
configure:7542: checking if gcc static flag -static works
configure:7570: result: yes
configure:7585: checking if gcc supports -c -o file.o
configure:7606: gcc -c -g -O2  -o out/conftest2.o conftest.c >&5
configure:7610: $? = 0
configure:7632: result: yes
configure:7640: checking if gcc supports -c -o file.o
configure:7687: result: yes
configure:7720: checking whether the gcc linker (/usr/bin/ld -m elf_x86_64) supports shared libraries
configure:8877: result: yes
configure:8914: checking whether -lc should be explicitly linked in
configure:8922: gcc -c -g -O2  conftest.c >&5
configure:8925: $? = 0
configure:8940: gcc -shared  -fPIC -DPIC conftest.o  -v -Wl,-soname -Wl,conftest -o conftest 2\>\&1 \| /bin/grep  -lc  \>/dev/null 2\>\&1
configure:8943: $? = 0
configure:8957: result: no
configure:9117: checking dynamic linker characteristics
configure:9617: gcc -o conftest -g -O2   -Wl,-rpath -Wl,/foo conftest.c  >&5
configure:9617: $? = 0
configure:9851: result: GNU/Linux ld.so
configure:9958: checking how to hardcode library paths into programs
configure:9983: result: immediate
configure:10523: checking whether stripping libraries is possible
configure:10528: result: yes
configure:10563: checking if libtool supports shared libraries
configure:10565: result: yes
configure:10568: checking whether to build shared libraries
configure:10589: result: yes
configure:10592: checking whether to build static libraries
configure:10596: result: yes
configure:10649: checking for a BSD-compatible install
configure:10717: result: /usr/bin/install -c
configure:10728: checking whether build environment is sane
configure:10783: result: yes
configure:10931: checking for a thread-safe mkdir -p
configure:10970: result: /bin/mkdir -p
configure:10973: checking whether make sets $(MAKE)
configure:10995: result: yes
configure:11025: checking for style of include used by make
configure:11053: result: GNU
configure:11087: checking whether make supports nested variables
configure:11104: result: yes
configure:11189: checking dependency style of gcc
configure:11300: result: gcc3
configure:11407: checking for gcc
configure:11434: result: gcc
configure:11663: checking for C compiler version
configure:11672: gcc --version >&5
gcc (Debian 4.9.2-10) 4.9.2
Copyright (C) 2014 Free Software Foundation, Inc.
This is free software; see the source for copying conditions.  There is NO
warranty; not even for MERCHANTABILITY or FITNESS FOR A PARTICULAR PURPOSE.

configure:11683: $? = 0
configure:11672: gcc -v >&5
Using built-in specs.
COLLECT_GCC=gcc
COLLECT_LTO_WRAPPER=/usr/lib/gcc/x86_64-linux-gnu/4.9/lto-wrapper
Target: x86_64-linux-gnu
Configured with: ../src/configure -v --with-pkgversion='Debian 4.9.2-10' --with-bugurl=file:///usr/share/doc/gcc-4.9/README.Bugs --enable-languages=c,c++,java,go,d,fortran,objc,obj-c++ --prefix=/usr --program-suffix=-4.9 --enable-shared --enable-linker-build-id --libexecdir=/usr/lib --without-included-gettext --enable-threads=posix --with-gxx-include-dir=/usr/include/c++/4.9 --libdir=/usr/lib --enable-nls --with-sysroot=/ --enable-clocale=gnu --enable-libstdcxx-debug --enable-libstdcxx-time=yes --enable-gnu-unique-object --disable-vtable-verify --enable-plugin --with-system-zlib --disable-browser-plugin --enable-java-awt=gtk --enable-gtk-cairo --with-java-home=/usr/lib/jvm/java-1.5.0-gcj-4.9-amd64/jre --enable-java-home --with-jvm-root-dir=/usr/lib/jvm/java-1.5.0-gcj-4.9-amd64 --with-jvm-jar-dir=/usr/lib/jvm-exports/java-1.5.0-gcj-4.9-amd64 --with-arch-directory=amd64 --with-ecj-jar=/usr/share/java/eclipse-ecj.jar --enable-objc-gc --enable-multiarch --with-arch-32=i586 --with-abi=m64 --with-multilib-list=m32,m64,mx32 --enable-multilib --with-tune=generic --enable-checking=release --build=x86_64-linux-gnu --host=x86_64-linux-gnu --target=x86_64-linux-gnu
Thread model: posix
gcc version 4.9.2 (Debian 4.9.2-10) 
configure:11683: $? = 0
configure:11672: gcc -V >&5
gcc: error: unrecognized command line option '-V'
gcc: fatal error: no input files
compilation terminated.
configure:11683: $? = 4
configure:11672: gcc -qversion >&5
gcc: error: unrecognized command line option '-qversion'
gcc: fatal error: no input files
compilation terminated.
configure:11683: $? = 4
configure:11687: checking whether we are using the GNU C compiler
configure:11715: result: yes
configure:11724: checking whether gcc accepts -g
configure:11785: result: yes
configure:11802: checking for gcc option to accept ISO C89
configure:11878: result: none needed
configure:11903: checking whether gcc understands -c and -o together
configure:11940: result: yes
configure:12070: checking that generated files are newer than configure
configure:12076: result: done
configure:12099: creating ./config.status

## ---------------------- ##
## Running config.status. ##
## ---------------------- ##

This file was extended by lib_openfd_locks config.status 0.1, which was
generated by GNU Autoconf 2.69.  Invocation command line was

  CONFIG_FILES    = 
  CONFIG_HEADERS  = 
  CONFIG_LINKS    = 
  CONFIG_COMMANDS = 
  $ ./config.status 

on guerriere

config.status:1081: creating Makefile
config.status:1081: creating src/Makefile
config.status:1081: creating config.h
config.status:1262: config.h is unchanged
config.status:1310: executing libtool commands
config.status:1310: executing depfiles commands
configure:14426: checking the archiver (ar) interface
configure:14442: gcc -c -g -O2  conftest.c >&5
configure:14442: $? = 0
configure:14444: ar cru libconftest.a conftest.o >&5
configure:14447: $? = 0
configure:14475: result: ar

## ---------------- ##
## Cache variables. ##
## ---------------- ##

ac_cv_build=x86_64-unknown-linux-gnu
ac_cv_c_compiler_gnu=yes
ac_cv_env_CC_set=
ac_cv_env_CC_value=
ac_cv_env_CFLAGS_set=
ac_cv_env_CFLAGS_value=
ac_cv_env_CPPFLAGS_set=
ac_cv_env_CPPFLAGS_value=
ac_cv_env_CPP_set=
ac_cv_env_CPP_value=
ac_cv_env_LDFLAGS_set=
ac_cv_env_LDFLAGS_value=
ac_cv_env_LIBS_set=
ac_cv_env_LIBS_value=
ac_cv_env_build_alias_set=
ac_cv_env_build_alias_value=
ac_cv_env_host_alias_set=
ac_cv_env_host_alias_value=
ac_cv_env_target_alias_set=
ac_cv_env_target_alias_value=
ac_cv_header_dlfcn_h=yes
ac_cv_header_inttypes_h=yes
ac_cv_header_memory_h=yes
ac_cv_header_stdc=yes
ac_cv_header_stdint_h=yes
ac_cv_header_stdlib_h=yes
ac_cv_header_string_h=yes
ac_cv_header_strings_h=yes
ac_cv_header_sys_stat_h=yes
ac_cv_header_sys_types_h=yes
ac_cv_header_unistd_h=yes
ac_cv_host=x86_64-unknown-linux-gnu
ac_cv_objext=o
ac_cv_path_EGREP='/bin/grep -E'
ac_cv_path_FGREP='/bin/grep -F'
ac_cv_path_GREP=/bin/grep
ac_cv_path_SED=/bin/sed
ac_cv_path_install='/usr/bin/install -c'
ac_cv_path_mkdir=/bin/mkdir
ac_cv_prog_AWK=gawk
ac_cv_prog_CPP='gcc -E'
ac_cv_prog_ac_ct_AR=ar
ac_cv_prog_ac_ct_CC=gcc
ac_cv_prog_ac_ct_MANIFEST_TOOL=mt
ac_cv_prog_ac_ct_OBJDUMP=objdump
ac_cv_prog_ac_ct_RANLIB=ranlib
ac_cv_prog_ac_ct_STRIP=strip
ac_cv_prog_cc_c89=
ac_cv_prog_cc_g=yes
ac_cv_prog_make_make_set=yes
am_cv_CC_dependencies_compiler_type=gcc3
am_cv_ar_interface=ar
am_cv_make_support_nested_variables=yes
am_cv_prog_cc_c_o=yes
lt_cv_ar_at_file=@
lt_cv_archive_cmds_need_lc=no
lt_cv_deplibs_check_method=pass_all
lt_cv_file_magic_cmd='$MAGIC_CMD'
lt_cv_file_magic_test_file=
lt_cv_ld_reload_flag=-r
lt_cv_nm_interface='BSD nm'
lt_cv_objdir=.libs
lt_cv_path_LD=/usr/bin/ld
lt_cv_path_NM='/usr/bin/nm -B'
lt_cv_path_mainfest_tool=no
lt_cv_prog_compiler_c_o=yes
lt_cv_prog_compiler_pic='-fPIC -DPIC'
lt_cv_prog_compiler_pic_works=yes
lt_cv_prog_compiler_rtti_exceptions=no
lt_cv_prog_compiler_static_works=yes
lt_cv_prog_gnu_ld=yes
lt_cv_sharedlib_from_linklib_cmd='printf %s\n'
lt_cv_shlibpath_overrides_runpath=no
lt_cv_sys_global_symbol_pipe='sed -n -e '\''s/^.*[	 ]\([ABCDGIRSTW][ABCDGIRSTW]*\)[	 ][	 ]*\([_A-Za-z][_A-Za-z0-9]*\)$/\1 \2 \2/p'\'' | sed '\''/ __gnu_lto/d'\'''
lt_cv_sys_global_symbol_to_c_name_address='sed -n -e '\''s/^: \([^ ]*\)[ ]*$/  {\"\1\", (void *) 0},/p'\'' -e '\''s/^[ABCDGIRSTW]* \([^ ]*\) \([^ ]*\)$/  {"\2", (void *) \&\2},/p'\'''
lt_cv_sys_global_symbol_to_c_name_address_lib_prefix='sed -n -e '\''s/^: \([^ ]*\)[ ]*$/  {\"\1\", (void *) 0},/p'\'' -e '\''s/^[ABCDGIRSTW]* \([^ ]*\) \(lib[^ ]*\)$/  {"\2", (void *) \&\2},/p'\'' -e '\''s/^[ABCDGIRSTW]* \([^ ]*\) \([^ ]*\)$/  {"lib\2", (void *) \&\2},/p'\'''
lt_cv_sys_global_symbol_to_cdecl='sed -n -e '\''s/^T .* \(.*\)$/extern int \1();/p'\'' -e '\''s/^[ABCDGIRSTW]* .* \(.*\)$/extern char \1;/p'\'''
lt_cv_sys_max_cmd_len=1572864
lt_cv_to_host_file_cmd=func_convert_file_noop
lt_cv_to_tool_file_cmd=func_convert_file_noop

## ----------------- ##
## Output variables. ##
## ----------------- ##

ACLOCAL='${SHELL} /home/paul/Documents/ocaml/ctypes-openfd-locks/missing aclocal-1.14'
AMDEPBACKSLASH='\'
AMDEP_FALSE='#'
AMDEP_TRUE=''
AMTAR='$${TAR-tar}'
AM_BACKSLASH='\'
AM_DEFAULT_V='$(AM_DEFAULT_VERBOSITY)'
AM_DEFAULT_VERBOSITY='1'
AM_V='$(V)'
AR='ar'
AUTOCONF='${SHELL} /home/paul/Documents/ocaml/ctypes-openfd-locks/missing autoconf'
AUTOHEADER='${SHELL} /home/paul/Documents/ocaml/ctypes-openfd-locks/missing autoheader'
AUTOMAKE='${SHELL} /home/paul/Documents/ocaml/ctypes-openfd-locks/missing automake-1.14'
AWK='gawk'
CC='gcc'
CCDEPMODE='depmode=gcc3'
CFLAGS='-g -O2'
CPP='gcc -E'
CPPFLAGS=''
CYGPATH_W='echo'
DEFS='-DHAVE_CONFIG_H'
DEPDIR='.deps'
DLLTOOL='false'
DSYMUTIL=''
DUMPBIN=''
ECHO_C=''
ECHO_N='-n'
ECHO_T=''
EGREP='/bin/grep -E'
EXEEXT=''
FGREP='/bin/grep -F'
GREP='/bin/grep'
INSTALL_DATA='${INSTALL} -m 644'
INSTALL_PROGRAM='${INSTALL}'
INSTALL_SCRIPT='${INSTALL}'
INSTALL_STRIP_PROGRAM='$(install_sh) -c -s'
LD='/usr/bin/ld -m elf_x86_64'
LDFLAGS=''
LIBOBJS=''
LIBS=''
LIBTOOL='$(SHELL) $(top_builddir)/libtool'
LIPO=''
LN_S='ln -s'
LTLIBOBJS=''
MAKEINFO='${SHELL} /home/paul/Documents/ocaml/ctypes-openfd-locks/missing makeinfo'
MANIFEST_TOOL=':'
MKDIR_P='/bin/mkdir -p'
NM='/usr/bin/nm -B'
NMEDIT=''
OBJDUMP='objdump'
OBJEXT='o'
OTOOL64=''
OTOOL=''
PACKAGE='lib_openfd_locks'
PACKAGE_BUGREPORT='papatango.nyc@gmail.com'
PACKAGE_NAME='lib_openfd_locks'
PACKAGE_STRING='lib_openfd_locks 0.1'
PACKAGE_TARNAME='lib_openfd_locks'
PACKAGE_URL=''
PACKAGE_VERSION='0.1'
PATH_SEPARATOR=':'
RANLIB='ranlib'
SED='/bin/sed'
SET_MAKE=''
SHELL='/bin/bash'
STRIP='strip'
VERSION='0.1'
ac_ct_AR='ar'
ac_ct_CC='gcc'
ac_ct_DUMPBIN=''
am__EXEEXT_FALSE=''
am__EXEEXT_TRUE='#'
am__fastdepCC_FALSE='#'
am__fastdepCC_TRUE=''
am__include='include'
am__isrc=''
am__leading_dot='.'
am__nodep='_no'
am__quote=''
am__tar='$${TAR-tar} chof - "$$tardir"'
am__untar='$${TAR-tar} xf -'
bindir='${exec_prefix}/bin'
build='x86_64-unknown-linux-gnu'
build_alias=''
build_cpu='x86_64'
build_os='linux-gnu'
build_vendor='unknown'
datadir='${datarootdir}'
datarootdir='${prefix}/share'
docdir='${datarootdir}/doc/${PACKAGE_TARNAME}'
dvidir='${docdir}'
exec_prefix='${prefix}'
host='x86_64-unknown-linux-gnu'
host_alias=''
host_cpu='x86_64'
host_os='linux-gnu'
host_vendor='unknown'
htmldir='${docdir}'
includedir='${prefix}/include'
infodir='${datarootdir}/info'
install_sh='${SHELL} /home/paul/Documents/ocaml/ctypes-openfd-locks/install-sh'
libdir='${exec_prefix}/lib'
libexecdir='${exec_prefix}/libexec'
localedir='${datarootdir}/locale'
localstatedir='${prefix}/var'
mandir='${datarootdir}/man'
mkdir_p='$(MKDIR_P)'
oldincludedir='/usr/include'
pdfdir='${docdir}'
prefix='/usr/local'
program_transform_name='s,x,x,'
psdir='${docdir}'
sbindir='${exec_prefix}/sbin'
sharedstatedir='${prefix}/com'
sysconfdir='${prefix}/etc'
target_alias=''

## ----------- ##
## confdefs.h. ##
## ----------- ##

/* confdefs.h */
#define PACKAGE_NAME "lib_openfd_locks"
#define PACKAGE_TARNAME "lib_openfd_locks"
#define PACKAGE_VERSION "0.1"
#define PACKAGE_STRING "lib_openfd_locks 0.1"
#define PACKAGE_BUGREPORT "papatango.nyc@gmail.com"
#define PACKAGE_URL ""
#define STDC_HEADERS 1
#define HAVE_SYS_TYPES_H 1
#define HAVE_SYS_STAT_H 1
#define HAVE_STDLIB_H 1
#define HAVE_STRING_H 1
#define HAVE_MEMORY_H 1
#define HAVE_STRINGS_H 1
#define HAVE_INTTYPES_H 1
#define HAVE_STDINT_H 1
#define HAVE_UNISTD_H 1
#define HAVE_DLFCN_H 1
#define LT_OBJDIR ".libs/"
#define PACKAGE "lib_openfd_locks"
#define VERSION "0.1"

configure: exit 0
